<?xml version="1.0" encoding="UTF-8"?>
<!-- Generated by org.testng.reporters.JUnitReportReporter -->
<testsuite skipped="0" hostname="DESKTOP-GK61F68" name="com.crm.comcast.VtigerTest.CreateOrganizationTest" tests="2" failures="0" timestamp="2021-06-14T17:33:38 IST" time="39.657" errors="0">
  <testcase name="createOrgWithType" time="13.909" classname="com.crm.comcast.VtigerTest.CreateOrganizationTest"/>
  <system-out/>
  <testcase name="createOrgTest" time="25.748" classname="com.crm.comcast.VtigerTest.CreateOrganizationTest"/>
  <system-out>
Navigate to Organisation Navigate to create Organisation Enter mandatory filed & create Organisation Assertion Succesful  </system-out>
</testsuite> <!-- com.crm.comcast.VtigerTest.CreateOrganizationTest -->
