<?xml version="1.0" encoding="UTF-8"?>
<!-- Generated by org.testng.reporters.JUnitReportReporter -->
<testsuite hostname="LAPTOP-DK6TK74Q" failures="0" tests="1" name="com.crm.comcast.Practice.DemoTest" time="14.093" errors="0" timestamp="2021-06-14T12:44:58 IST" skipped="0">
  <testcase classname="com.crm.comcast.Practice.DemoTest" name="demoTest" time="14.093"/>
  <system-out/>
</testsuite> <!-- com.crm.comcast.Practice.DemoTest -->
