<?xml version="1.0" encoding="UTF-8"?>
<!-- Generated by org.testng.reporters.JUnitReportReporter -->
<testsuite skipped="0" hostname="DESKTOP-GK61F68" name="com.crm.comcast.VtigerTest.CreateOrganizationWithIndustry" tests="1" failures="0" timestamp="2021-06-14T17:33:38 IST" time="29.019" errors="0">
  <testcase name="createOrgWithIndustry" time="29.019" classname="com.crm.comcast.VtigerTest.CreateOrganizationWithIndustry"/>
  <system-out/>
</testsuite> <!-- com.crm.comcast.VtigerTest.CreateOrganizationWithIndustry -->
